<?xml version="1.0" encoding="UTF-8"?>
<!-- Generated by org.testng.reporters.JUnitXMLReporter -->
<testsuite ignored="0" hostname="Deva" failures="0" tests="4" name="Default test" time="0.053" errors="0" timestamp="2022-06-15T05:34:22 IST">
  <testcase classname="testngpack.Method1" name="method1" time="0.009"/>
  <testcase classname="testngpack.Method1" name="method2" time="0.001"/>
  <testcase classname="testngpack.Method1" name="method3" time="0.001"/>
  <testcase classname="testngpack.Method1" name="method4" time="0.0"/>
</testsuite> <!-- Default test -->
