<?xml version="1.0" encoding="UTF-8"?>
<testng-results ignored="0" total="4" passed="4" failed="0" skipped="0">
  <reporter-output>
    <line>
      <![CDATA[method1 executed]]>
    </line>
    <line>
      <![CDATA[method2 executed]]>
    </line>
    <line>
      <![CDATA[method3 executed]]>
    </line>
    <line>
      <![CDATA[method4 executed]]>
    </line>
  </reporter-output>
  <suite started-at="2022-06-15T05:34:22 IST" name="Default suite" finished-at="2022-06-15T05:34:22 IST" duration-ms="53">
    <groups>
    </groups>
    <test started-at="2022-06-15T05:34:22 IST" name="Default test" finished-at="2022-06-15T05:34:22 IST" duration-ms="53">
      <class name="testngpack.Method1">
        <test-method signature="method1()[pri:0, instance:testngpack.Method1@65f095f8]" started-at="2022-06-15T05:34:22 IST" name="method1" finished-at="2022-06-15T05:34:22 IST" duration-ms="9" status="PASS">
          <reporter-output>
            <line>
              <![CDATA[method1 executed]]>
            </line>
          </reporter-output>
        </test-method> <!-- method1 -->
        <test-method signature="method2()[pri:0, instance:testngpack.Method1@65f095f8]" started-at="2022-06-15T05:34:22 IST" name="method2" finished-at="2022-06-15T05:34:22 IST" duration-ms="1" status="PASS">
          <reporter-output>
            <line>
              <![CDATA[method2 executed]]>
            </line>
          </reporter-output>
        </test-method> <!-- method2 -->
        <test-method signature="method3()[pri:0, instance:testngpack.Method1@65f095f8]" started-at="2022-06-15T05:34:22 IST" name="method3" finished-at="2022-06-15T05:34:22 IST" duration-ms="1" status="PASS">
          <reporter-output>
            <line>
              <![CDATA[method3 executed]]>
            </line>
          </reporter-output>
        </test-method> <!-- method3 -->
        <test-method signature="method4()[pri:0, instance:testngpack.Method1@65f095f8]" started-at="2022-06-15T05:34:22 IST" name="method4" finished-at="2022-06-15T05:34:22 IST" duration-ms="0" status="PASS">
          <reporter-output>
            <line>
              <![CDATA[method4 executed]]>
            </line>
          </reporter-output>
        </test-method> <!-- method4 -->
      </class> <!-- testngpack.Method1 -->
    </test> <!-- Default test -->
  </suite> <!-- Default suite -->
</testng-results>
