<?xml version="1.0" encoding="UTF-8"?>
<!-- Generated by org.testng.reporters.JUnitXMLReporter -->
<testsuite ignored="0" hostname="Deva" failures="0" tests="4" name="Test" time="40.756" errors="0" timestamp="2022-06-10T20:51:08 IST">
  <testcase classname="testngflags.Class2" name="f" time="34.213"/>
  <testcase classname="testngflags.Class4" name="f" time="34.239"/>
  <testcase classname="testngflags.Class3" name="f" time="34.708"/>
  <testcase classname="testngflags.Class1" name="f" time="40.722"/>
</testsuite> <!-- Test -->
